2017-11-16 16:08:48 下午 [Thread: main][ Class:org.springframework.cloud.netflix.archaius.ArchaiusAutoConfiguration >> Method: org.springframework.cloud.netflix.archaius.ArchaiusAutoConfiguration.configureArchaius(ArchaiusAutoConfiguration.java:147) ]
WARN:No spring.application.name found, defaulting to 'application'
  2017-11-16 16:08:48 下午 [Thread: main][ Class:com.netflix.config.sources.URLConfigurationSource >> Method: com.netflix.config.sources.URLConfigurationSource.<init>(URLConfigurationSource.java:121) ]
WARN:No URLs will be polled as dynamic configuration sources.
  2017-11-16 16:08:48 下午 [Thread: main][ Class:com.netflix.config.sources.URLConfigurationSource >> Method: com.netflix.config.sources.URLConfigurationSource.<init>(URLConfigurationSource.java:121) ]
WARN:No URLs will be polled as dynamic configuration sources.
  2017-11-16 16:08:49 下午 [Thread: main][ Class:org.springframework.boot.diagnostics.LoggingFailureAnalysisReporter >> Method: org.springframework.boot.diagnostics.LoggingFailureAnalysisReporter.report(LoggingFailureAnalysisReporter.java:42) ]
ERROR:

***************************
APPLICATION FAILED TO START
***************************

Description:

The Tomcat connector configured to listen on port 8080 failed to start. The port may already be in use or the connector may be misconfigured.

Action:

Verify the connector's configuration, identify and stop any process that's listening on port 8080, or configure this application to listen on another port.

  2017-11-16 16:09:01 下午 [Thread: main][ Class:org.springframework.cloud.netflix.archaius.ArchaiusAutoConfiguration >> Method: org.springframework.cloud.netflix.archaius.ArchaiusAutoConfiguration.configureArchaius(ArchaiusAutoConfiguration.java:147) ]
WARN:No spring.application.name found, defaulting to 'application'
  2017-11-16 16:09:01 下午 [Thread: main][ Class:com.netflix.config.sources.URLConfigurationSource >> Method: com.netflix.config.sources.URLConfigurationSource.<init>(URLConfigurationSource.java:121) ]
WARN:No URLs will be polled as dynamic configuration sources.
  2017-11-16 16:09:01 下午 [Thread: main][ Class:com.netflix.config.sources.URLConfigurationSource >> Method: com.netflix.config.sources.URLConfigurationSource.<init>(URLConfigurationSource.java:121) ]
WARN:No URLs will be polled as dynamic configuration sources.
  2017-11-16 16:09:54 下午 [Thread: main][ Class:org.springframework.boot.logging.LoggingApplicationListener >> Method: org.springframework.boot.logging.LoggingApplicationListener.setLogLevel(LoggingApplicationListener.java:359) ]
ERROR:Cannot set level: ERROE for 'null'
  2017-11-16 16:09:55 下午 [Thread: main][ Class:org.springframework.cloud.netflix.archaius.ArchaiusAutoConfiguration >> Method: org.springframework.cloud.netflix.archaius.ArchaiusAutoConfiguration.configureArchaius(ArchaiusAutoConfiguration.java:147) ]
WARN:No spring.application.name found, defaulting to 'application'
  2017-11-16 16:09:55 下午 [Thread: main][ Class:com.netflix.config.sources.URLConfigurationSource >> Method: com.netflix.config.sources.URLConfigurationSource.<init>(URLConfigurationSource.java:121) ]
WARN:No URLs will be polled as dynamic configuration sources.
  2017-11-16 16:09:55 下午 [Thread: main][ Class:com.netflix.config.sources.URLConfigurationSource >> Method: com.netflix.config.sources.URLConfigurationSource.<init>(URLConfigurationSource.java:121) ]
WARN:No URLs will be polled as dynamic configuration sources.
  2017-11-16 16:09:56 下午 [Thread: main][ Class:org.springframework.cloud.logging.LoggingRebinder >> Method: org.springframework.cloud.logging.LoggingRebinder.setLogLevel(LoggingRebinder.java:77) ]
ERROR:Cannot set level: ERROE for 'null'
  2017-11-16 16:09:56 下午 [Thread: main][ Class:org.springframework.boot.diagnostics.LoggingFailureAnalysisReporter >> Method: org.springframework.boot.diagnostics.LoggingFailureAnalysisReporter.report(LoggingFailureAnalysisReporter.java:42) ]
ERROR:

***************************
APPLICATION FAILED TO START
***************************

Description:

The Tomcat connector configured to listen on port 8080 failed to start. The port may already be in use or the connector may be misconfigured.

Action:

Verify the connector's configuration, identify and stop any process that's listening on port 8080, or configure this application to listen on another port.

  2017-11-16 16:10:05 下午 [Thread: main][ Class:org.springframework.cloud.netflix.archaius.ArchaiusAutoConfiguration >> Method: org.springframework.cloud.netflix.archaius.ArchaiusAutoConfiguration.configureArchaius(ArchaiusAutoConfiguration.java:147) ]
WARN:No spring.application.name found, defaulting to 'application'
  2017-11-16 16:10:05 下午 [Thread: main][ Class:com.netflix.config.sources.URLConfigurationSource >> Method: com.netflix.config.sources.URLConfigurationSource.<init>(URLConfigurationSource.java:121) ]
WARN:No URLs will be polled as dynamic configuration sources.
  2017-11-16 16:10:05 下午 [Thread: main][ Class:com.netflix.config.sources.URLConfigurationSource >> Method: com.netflix.config.sources.URLConfigurationSource.<init>(URLConfigurationSource.java:121) ]
WARN:No URLs will be polled as dynamic configuration sources.
  2017-11-16 16:10:58 下午 [Thread: main][ Class:org.springframework.cloud.netflix.archaius.ArchaiusAutoConfiguration >> Method: org.springframework.cloud.netflix.archaius.ArchaiusAutoConfiguration.configureArchaius(ArchaiusAutoConfiguration.java:147) ]
WARN:No spring.application.name found, defaulting to 'application'
  2017-11-16 16:10:58 下午 [Thread: main][ Class:com.netflix.config.sources.URLConfigurationSource >> Method: com.netflix.config.sources.URLConfigurationSource.<init>(URLConfigurationSource.java:121) ]
WARN:No URLs will be polled as dynamic configuration sources.
  2017-11-16 16:10:58 下午 [Thread: main][ Class:com.netflix.config.sources.URLConfigurationSource >> Method: com.netflix.config.sources.URLConfigurationSource.<init>(URLConfigurationSource.java:121) ]
WARN:No URLs will be polled as dynamic configuration sources.
  2017-11-16 16:11:37 下午 [Thread: main][ Class:org.springframework.cloud.netflix.archaius.ArchaiusAutoConfiguration >> Method: org.springframework.cloud.netflix.archaius.ArchaiusAutoConfiguration.configureArchaius(ArchaiusAutoConfiguration.java:147) ]
WARN:No spring.application.name found, defaulting to 'application'
  2017-11-16 16:11:37 下午 [Thread: main][ Class:com.netflix.config.sources.URLConfigurationSource >> Method: com.netflix.config.sources.URLConfigurationSource.<init>(URLConfigurationSource.java:121) ]
WARN:No URLs will be polled as dynamic configuration sources.
  2017-11-16 16:11:37 下午 [Thread: main][ Class:com.netflix.config.sources.URLConfigurationSource >> Method: com.netflix.config.sources.URLConfigurationSource.<init>(URLConfigurationSource.java:121) ]
WARN:No URLs will be polled as dynamic configuration sources.
  2017-11-16 16:11:45 下午 [Thread: main][ Class:org.springframework.cloud.netflix.archaius.ArchaiusAutoConfiguration >> Method: org.springframework.cloud.netflix.archaius.ArchaiusAutoConfiguration.configureArchaius(ArchaiusAutoConfiguration.java:147) ]
WARN:No spring.application.name found, defaulting to 'application'
  2017-11-16 16:11:45 下午 [Thread: main][ Class:com.netflix.config.sources.URLConfigurationSource >> Method: com.netflix.config.sources.URLConfigurationSource.<init>(URLConfigurationSource.java:121) ]
WARN:No URLs will be polled as dynamic configuration sources.
  2017-11-16 16:11:45 下午 [Thread: main][ Class:com.netflix.config.sources.URLConfigurationSource >> Method: com.netflix.config.sources.URLConfigurationSource.<init>(URLConfigurationSource.java:121) ]
WARN:No URLs will be polled as dynamic configuration sources.
  2017-11-16 16:11:52 下午 [Thread: main][ Class:org.springframework.cloud.netflix.archaius.ArchaiusAutoConfiguration >> Method: org.springframework.cloud.netflix.archaius.ArchaiusAutoConfiguration.configureArchaius(ArchaiusAutoConfiguration.java:147) ]
WARN:No spring.application.name found, defaulting to 'application'
  2017-11-16 16:11:52 下午 [Thread: main][ Class:com.netflix.config.sources.URLConfigurationSource >> Method: com.netflix.config.sources.URLConfigurationSource.<init>(URLConfigurationSource.java:121) ]
WARN:No URLs will be polled as dynamic configuration sources.
  2017-11-16 16:11:52 下午 [Thread: main][ Class:com.netflix.config.sources.URLConfigurationSource >> Method: com.netflix.config.sources.URLConfigurationSource.<init>(URLConfigurationSource.java:121) ]
WARN:No URLs will be polled as dynamic configuration sources.
  2017-11-16 16:11:59 下午 [Thread: main][ Class:org.springframework.cloud.netflix.archaius.ArchaiusAutoConfiguration >> Method: org.springframework.cloud.netflix.archaius.ArchaiusAutoConfiguration.configureArchaius(ArchaiusAutoConfiguration.java:147) ]
WARN:No spring.application.name found, defaulting to 'application'
  2017-11-16 16:11:59 下午 [Thread: main][ Class:com.netflix.config.sources.URLConfigurationSource >> Method: com.netflix.config.sources.URLConfigurationSource.<init>(URLConfigurationSource.java:121) ]
WARN:No URLs will be polled as dynamic configuration sources.
  2017-11-16 16:11:59 下午 [Thread: main][ Class:com.netflix.config.sources.URLConfigurationSource >> Method: com.netflix.config.sources.URLConfigurationSource.<init>(URLConfigurationSource.java:121) ]
WARN:No URLs will be polled as dynamic configuration sources.
  